<?xml version="1.0" encoding="UTF-8"?>
<testsuite name="com.spring.book.springboot.web.IndexControllerTest" tests="1" skipped="0" failures="0" errors="0" timestamp="2022-09-18T08:18:23" hostname="DESKTOP-6ISAC9R" time="0.496">
  <properties/>
  <testcase name="메인페이지_로딩" classname="com.spring.book.springboot.web.IndexControllerTest" time="0.496"/>
  <system-out><![CDATA[17:18:16.049 [Test worker] DEBUG org.springframework.test.context.junit4.SpringJUnit4ClassRunner - SpringJUnit4ClassRunner constructor called with [class com.spring.book.springboot.web.IndexControllerTest]
17:18:16.057 [Test worker] DEBUG org.springframework.test.context.BootstrapUtils - Instantiating CacheAwareContextLoaderDelegate from class [org.springframework.test.context.cache.DefaultCacheAwareContextLoaderDelegate]
17:18:16.068 [Test worker] DEBUG org.springframework.test.context.BootstrapUtils - Instantiating BootstrapContext using constructor [public org.springframework.test.context.support.DefaultBootstrapContext(java.lang.Class,org.springframework.test.context.CacheAwareContextLoaderDelegate)]
17:18:16.085 [Test worker] DEBUG org.springframework.test.context.BootstrapUtils - Instantiating TestContextBootstrapper for test class [com.spring.book.springboot.web.IndexControllerTest] from class [org.springframework.boot.test.context.SpringBootTestContextBootstrapper]
17:18:16.098 [Test worker] INFO org.springframework.boot.test.context.SpringBootTestContextBootstrapper - Neither @ContextConfiguration nor @ContextHierarchy found for test class [com.spring.book.springboot.web.IndexControllerTest], using SpringBootContextLoader
17:18:16.102 [Test worker] DEBUG org.springframework.test.context.support.AbstractContextLoader - Did not detect default resource location for test class [com.spring.book.springboot.web.IndexControllerTest]: class path resource [com/spring/book/springboot/web/IndexControllerTest-context.xml] does not exist
17:18:16.103 [Test worker] DEBUG org.springframework.test.context.support.AbstractContextLoader - Did not detect default resource location for test class [com.spring.book.springboot.web.IndexControllerTest]: class path resource [com/spring/book/springboot/web/IndexControllerTestContext.groovy] does not exist
17:18:16.103 [Test worker] INFO org.springframework.test.context.support.AbstractContextLoader - Could not detect default resource locations for test class [com.spring.book.springboot.web.IndexControllerTest]: no resource found for suffixes {-context.xml, Context.groovy}.
17:18:16.104 [Test worker] INFO org.springframework.test.context.support.AnnotationConfigContextLoaderUtils - Could not detect default configuration classes for test class [com.spring.book.springboot.web.IndexControllerTest]: IndexControllerTest does not declare any static, non-private, non-final, nested classes annotated with @Configuration.
17:18:16.153 [Test worker] DEBUG org.springframework.test.context.support.ActiveProfilesUtils - Could not find an 'annotation declaring class' for annotation type [org.springframework.test.context.ActiveProfiles] and class [com.spring.book.springboot.web.IndexControllerTest]
17:18:16.261 [Test worker] DEBUG org.springframework.context.annotation.ClassPathScanningCandidateComponentProvider - Identified candidate component class: file [C:\spring-study\springboot-webservice\build\classes\java\main\com\spring\book\springboot\Application.class]
17:18:16.262 [Test worker] INFO org.springframework.boot.test.context.SpringBootTestContextBootstrapper - Found @SpringBootConfiguration com.spring.book.springboot.Application for test class com.spring.book.springboot.web.IndexControllerTest
17:18:16.375 [Test worker] DEBUG org.springframework.boot.test.context.SpringBootTestContextBootstrapper - @TestExecutionListeners is not present for class [com.spring.book.springboot.web.IndexControllerTest]: using defaults.
17:18:16.375 [Test worker] INFO org.springframework.boot.test.context.SpringBootTestContextBootstrapper - Loaded default TestExecutionListener class names from location [META-INF/spring.factories]: [org.springframework.security.test.context.support.WithSecurityContextTestExecutionListener, org.springframework.security.test.context.support.ReactorContextTestExecutionListener, org.springframework.boot.test.autoconfigure.restdocs.RestDocsTestExecutionListener, org.springframework.boot.test.autoconfigure.web.client.MockRestServiceServerResetTestExecutionListener, org.springframework.boot.test.autoconfigure.web.servlet.MockMvcPrintOnlyOnFailureTestExecutionListener, org.springframework.boot.test.autoconfigure.web.servlet.WebDriverTestExecutionListener, org.springframework.boot.test.mock.mockito.MockitoTestExecutionListener, org.springframework.boot.test.mock.mockito.ResetMocksTestExecutionListener, org.springframework.test.context.web.ServletTestExecutionListener, org.springframework.test.context.support.DirtiesContextBeforeModesTestExecutionListener, org.springframework.test.context.support.DependencyInjectionTestExecutionListener, org.springframework.test.context.support.DirtiesContextTestExecutionListener, org.springframework.test.context.transaction.TransactionalTestExecutionListener, org.springframework.test.context.jdbc.SqlScriptsTestExecutionListener]
17:18:16.397 [Test worker] INFO org.springframework.boot.test.context.SpringBootTestContextBootstrapper - Using TestExecutionListeners: [org.springframework.test.context.web.ServletTestExecutionListener@7542bfd7, org.springframework.test.context.support.DirtiesContextBeforeModesTestExecutionListener@75eee660, org.springframework.boot.test.mock.mockito.MockitoTestExecutionListener@58888bec, org.springframework.boot.test.autoconfigure.SpringBootDependencyInjectionTestExecutionListener@53893885, org.springframework.test.context.support.DirtiesContextTestExecutionListener@33558924, org.springframework.test.context.transaction.TransactionalTestExecutionListener@318ab4c8, org.springframework.test.context.jdbc.SqlScriptsTestExecutionListener@2d418efe, org.springframework.security.test.context.support.WithSecurityContextTestExecutionListener@3716d6c3, org.springframework.security.test.context.support.ReactorContextTestExecutionListener@289565ac, org.springframework.boot.test.autoconfigure.restdocs.RestDocsTestExecutionListener@4cdda882, org.springframework.boot.test.autoconfigure.web.client.MockRestServiceServerResetTestExecutionListener@6dcaf999, org.springframework.boot.test.autoconfigure.web.servlet.MockMvcPrintOnlyOnFailureTestExecutionListener@6ceb8a2d, org.springframework.boot.test.autoconfigure.web.servlet.WebDriverTestExecutionListener@6f503a19, org.springframework.boot.test.mock.mockito.ResetMocksTestExecutionListener@4ee816c9]
17:18:16.401 [Test worker] DEBUG org.springframework.test.annotation.ProfileValueUtils - Retrieved @ProfileValueSourceConfiguration [null] for test class [com.spring.book.springboot.web.IndexControllerTest]
17:18:16.401 [Test worker] DEBUG org.springframework.test.annotation.ProfileValueUtils - Retrieved ProfileValueSource type [class org.springframework.test.annotation.SystemProfileValueSource] for class [com.spring.book.springboot.web.IndexControllerTest]
17:18:16.406 [Test worker] DEBUG org.springframework.test.annotation.ProfileValueUtils - Retrieved @ProfileValueSourceConfiguration [null] for test class [com.spring.book.springboot.web.IndexControllerTest]
17:18:16.406 [Test worker] DEBUG org.springframework.test.annotation.ProfileValueUtils - Retrieved ProfileValueSource type [class org.springframework.test.annotation.SystemProfileValueSource] for class [com.spring.book.springboot.web.IndexControllerTest]
17:18:16.407 [Test worker] DEBUG org.springframework.test.annotation.ProfileValueUtils - Retrieved @ProfileValueSourceConfiguration [null] for test class [com.spring.book.springboot.web.IndexControllerTest]
17:18:16.407 [Test worker] DEBUG org.springframework.test.annotation.ProfileValueUtils - Retrieved ProfileValueSource type [class org.springframework.test.annotation.SystemProfileValueSource] for class [com.spring.book.springboot.web.IndexControllerTest]
17:18:16.411 [Test worker] DEBUG org.springframework.test.context.support.AbstractDirtiesContextTestExecutionListener - Before test class: context [DefaultTestContext@79c41bca testClass = IndexControllerTest, testInstance = [null], testMethod = [null], testException = [null], mergedContextConfiguration = [WebMergedContextConfiguration@4eae7781 testClass = IndexControllerTest, locations = '{}', classes = '{class com.spring.book.springboot.Application}', contextInitializerClasses = '[]', activeProfiles = '{}', propertySourceLocations = '{}', propertySourceProperties = '{org.springframework.boot.test.context.SpringBootTestContextBootstrapper=true, server.port=0}', contextCustomizers = set[org.springframework.boot.test.autoconfigure.properties.PropertyMappingContextCustomizer@0, org.springframework.boot.test.autoconfigure.web.servlet.WebDriverContextCustomizerFactory$Customizer@6b1f83ca, org.springframework.boot.test.context.filter.ExcludeFilterContextCustomizer@2f6abfa8, org.springframework.boot.test.json.DuplicateJsonObjectContextCustomizerFactory$DuplicateJsonObjectContextCustomizer@1ec8a653, org.springframework.boot.test.mock.mockito.MockitoContextCustomizer@0, org.springframework.boot.test.web.client.TestRestTemplateContextCustomizer@29461a09], resourceBasePath = 'src/main/webapp', contextLoader = 'org.springframework.boot.test.context.SpringBootContextLoader', parent = [null]], attributes = map['org.springframework.test.context.web.ServletTestExecutionListener.activateListener' -> false]], class annotated with @DirtiesContext [false] with mode [null].
17:18:16.412 [Test worker] DEBUG org.springframework.test.annotation.ProfileValueUtils - Retrieved @ProfileValueSourceConfiguration [null] for test class [com.spring.book.springboot.web.IndexControllerTest]
17:18:16.412 [Test worker] DEBUG org.springframework.test.annotation.ProfileValueUtils - Retrieved ProfileValueSource type [class org.springframework.test.annotation.SystemProfileValueSource] for class [com.spring.book.springboot.web.IndexControllerTest]
17:18:16.417 [Test worker] DEBUG org.springframework.test.context.support.DependencyInjectionTestExecutionListener - Performing dependency injection for test context [[DefaultTestContext@79c41bca testClass = IndexControllerTest, testInstance = com.spring.book.springboot.web.IndexControllerTest@57fc8126, testMethod = [null], testException = [null], mergedContextConfiguration = [WebMergedContextConfiguration@4eae7781 testClass = IndexControllerTest, locations = '{}', classes = '{class com.spring.book.springboot.Application}', contextInitializerClasses = '[]', activeProfiles = '{}', propertySourceLocations = '{}', propertySourceProperties = '{org.springframework.boot.test.context.SpringBootTestContextBootstrapper=true, server.port=0}', contextCustomizers = set[org.springframework.boot.test.autoconfigure.properties.PropertyMappingContextCustomizer@0, org.springframework.boot.test.autoconfigure.web.servlet.WebDriverContextCustomizerFactory$Customizer@6b1f83ca, org.springframework.boot.test.context.filter.ExcludeFilterContextCustomizer@2f6abfa8, org.springframework.boot.test.json.DuplicateJsonObjectContextCustomizerFactory$DuplicateJsonObjectContextCustomizer@1ec8a653, org.springframework.boot.test.mock.mockito.MockitoContextCustomizer@0, org.springframework.boot.test.web.client.TestRestTemplateContextCustomizer@29461a09], resourceBasePath = 'src/main/webapp', contextLoader = 'org.springframework.boot.test.context.SpringBootContextLoader', parent = [null]], attributes = map['org.springframework.test.context.web.ServletTestExecutionListener.activateListener' -> false]]].
17:18:16.440 [Test worker] DEBUG org.springframework.test.context.support.TestPropertySourceUtils - Adding inlined properties to environment: {spring.jmx.enabled=false, org.springframework.boot.test.context.SpringBootTestContextBootstrapper=true, server.port=0}

  .   ____          _            __ _ _
 /\\ / ___'_ __ _ _(_)_ __  __ _ \ \ \ \
( ( )\___ | '_ | '_| | '_ \/ _` | \ \ \ \
 \\/  ___)| |_)| | | | | || (_| |  ) ) ) )
  '  |____| .__|_| |_|_| |_\__, | / / / /
 =========|_|==============|___/=/_/_/_/
 :: Spring Boot ::        (v2.1.7.RELEASE)

2022-09-18 17:18:16.732  INFO 9444 --- [    Test worker] c.s.b.s.web.IndexControllerTest          : Starting IndexControllerTest on DESKTOP-6ISAC9R with PID 9444 (started by ABC in C:\spring-study\springboot-webservice)
2022-09-18 17:18:16.733  INFO 9444 --- [    Test worker] c.s.b.s.web.IndexControllerTest          : No active profile set, falling back to default profiles: default
2022-09-18 17:18:17.620  INFO 9444 --- [    Test worker] .s.d.r.c.RepositoryConfigurationDelegate : Bootstrapping Spring Data repositories in DEFAULT mode.
2022-09-18 17:18:17.716  INFO 9444 --- [    Test worker] .s.d.r.c.RepositoryConfigurationDelegate : Finished Spring Data repository scanning in 82ms. Found 2 repository interfaces.
2022-09-18 17:18:18.262  INFO 9444 --- [    Test worker] trationDelegate$BeanPostProcessorChecker : Bean 'org.springframework.transaction.annotation.ProxyTransactionManagementConfiguration' of type [org.springframework.transaction.annotation.ProxyTransactionManagementConfiguration$$EnhancerBySpringCGLIB$$76687730] is not eligible for getting processed by all BeanPostProcessors (for example: not eligible for auto-proxying)
2022-09-18 17:18:18.667  INFO 9444 --- [    Test worker] o.s.b.w.embedded.tomcat.TomcatWebServer  : Tomcat initialized with port(s): 0 (http)
2022-09-18 17:18:18.702  INFO 9444 --- [    Test worker] o.apache.catalina.core.StandardService   : Starting service [Tomcat]
2022-09-18 17:18:18.703  INFO 9444 --- [    Test worker] org.apache.catalina.core.StandardEngine  : Starting Servlet engine: [Apache Tomcat/9.0.22]
2022-09-18 17:18:18.885  INFO 9444 --- [    Test worker] o.a.c.c.C.[Tomcat].[localhost].[/]       : Initializing Spring embedded WebApplicationContext
2022-09-18 17:18:18.885  INFO 9444 --- [    Test worker] o.s.web.context.ContextLoader            : Root WebApplicationContext: initialization completed in 2131 ms
2022-09-18 17:18:19.167  INFO 9444 --- [    Test worker] com.zaxxer.hikari.HikariDataSource       : HikariPool-1 - Starting...
2022-09-18 17:18:19.360  INFO 9444 --- [    Test worker] com.zaxxer.hikari.HikariDataSource       : HikariPool-1 - Start completed.
2022-09-18 17:18:19.471  INFO 9444 --- [    Test worker] o.hibernate.jpa.internal.util.LogHelper  : HHH000204: Processing PersistenceUnitInfo [
	name: default
	...]
2022-09-18 17:18:19.576  INFO 9444 --- [    Test worker] org.hibernate.Version                    : HHH000412: Hibernate Core {5.3.10.Final}
2022-09-18 17:18:19.580  INFO 9444 --- [    Test worker] org.hibernate.cfg.Environment            : HHH000206: hibernate.properties not found
2022-09-18 17:18:19.839  INFO 9444 --- [    Test worker] o.hibernate.annotations.common.Version   : HCANN000001: Hibernate Commons Annotations {5.0.4.Final}
2022-09-18 17:18:20.029  INFO 9444 --- [    Test worker] org.hibernate.dialect.Dialect            : HHH000400: Using dialect: org.hibernate.dialect.MySQL5InnoDBDialect
Hibernate: drop table if exists posts
Hibernate: drop table if exists user
Hibernate: create table posts (id bigint not null auto_increment, created_date datetime, modified_date datetime, author varchar(255), content TEXT not null, title varchar(500) not null, primary key (id)) engine=InnoDB
Hibernate: create table user (id bigint not null auto_increment, created_date datetime, modified_date datetime, email varchar(255) not null, name varchar(255) not null, picture varchar(255), role varchar(255) not null, primary key (id)) engine=InnoDB
2022-09-18 17:18:20.798  INFO 9444 --- [    Test worker] o.h.t.schema.internal.SchemaCreatorImpl  : HHH000476: Executing import script 'org.hibernate.tool.schema.internal.exec.ScriptSourceInputNonExistentImpl@5d59b41'
2022-09-18 17:18:20.802  INFO 9444 --- [    Test worker] j.LocalContainerEntityManagerFactoryBean : Initialized JPA EntityManagerFactory for persistence unit 'default'
2022-09-18 17:18:21.508  INFO 9444 --- [    Test worker] o.h.h.i.QueryTranslatorFactoryInitiator  : HHH000397: Using ASTQueryTranslatorFactory
2022-09-18 17:18:22.035  INFO 9444 --- [    Test worker] o.s.s.web.DefaultSecurityFilterChain     : Creating filter chain: any request, [org.springframework.security.web.context.request.async.WebAsyncManagerIntegrationFilter@6b0806ed, org.springframework.security.web.context.SecurityContextPersistenceFilter@191bd358, org.springframework.security.web.header.HeaderWriterFilter@71de230a, org.springframework.security.web.authentication.logout.LogoutFilter@7df24399, org.springframework.security.oauth2.client.web.OAuth2AuthorizationRequestRedirectFilter@7366002, org.springframework.security.oauth2.client.web.OAuth2LoginAuthenticationFilter@7f495ecb, org.springframework.security.web.authentication.ui.DefaultLoginPageGeneratingFilter@23b50d1b, org.springframework.security.web.authentication.ui.DefaultLogoutPageGeneratingFilter@3ea9eff3, org.springframework.security.web.savedrequest.RequestCacheAwareFilter@3b6f808, org.springframework.security.web.servletapi.SecurityContextHolderAwareRequestFilter@54b7d6d0, org.springframework.security.web.authentication.AnonymousAuthenticationFilter@b67d821, org.springframework.security.web.session.SessionManagementFilter@3c77835c, org.springframework.security.web.access.ExceptionTranslationFilter@24ac8fbf, org.springframework.security.web.access.intercept.FilterSecurityInterceptor@7888c463]
2022-09-18 17:18:22.509  INFO 9444 --- [    Test worker] o.s.s.concurrent.ThreadPoolTaskExecutor  : Initializing ExecutorService 'applicationTaskExecutor'
2022-09-18 17:18:22.590  WARN 9444 --- [    Test worker] aWebConfiguration$JpaWebMvcConfiguration : spring.jpa.open-in-view is enabled by default. Therefore, database queries may be performed during view rendering. Explicitly configure spring.jpa.open-in-view to disable this warning
2022-09-18 17:18:22.650  INFO 9444 --- [    Test worker] o.s.b.a.w.s.WelcomePageHandlerMapping    : Adding welcome page template: index
2022-09-18 17:18:23.175  INFO 9444 --- [    Test worker] s.a.ScheduledAnnotationBeanPostProcessor : No TaskScheduler/ScheduledExecutorService bean found for scheduled processing
2022-09-18 17:18:23.220  INFO 9444 --- [    Test worker] o.s.b.w.embedded.tomcat.TomcatWebServer  : Tomcat started on port(s): 58812 (http) with context path ''
2022-09-18 17:18:23.224  INFO 9444 --- [    Test worker] c.s.b.s.web.IndexControllerTest          : Started IndexControllerTest in 6.78 seconds (JVM running for 7.956)
2022-09-18 17:18:23.497  INFO 9444 --- [o-auto-1-exec-1] o.a.c.c.C.[Tomcat].[localhost].[/]       : Initializing Spring DispatcherServlet 'dispatcherServlet'
2022-09-18 17:18:23.498  INFO 9444 --- [o-auto-1-exec-1] o.s.web.servlet.DispatcherServlet        : Initializing Servlet 'dispatcherServlet'
2022-09-18 17:18:23.521  INFO 9444 --- [o-auto-1-exec-1] o.s.web.servlet.DispatcherServlet        : Completed initialization in 23 ms
Hibernate: select posts0_.id as id1_0_, posts0_.created_date as created_2_0_, posts0_.modified_date as modified3_0_, posts0_.author as author4_0_, posts0_.content as content5_0_, posts0_.title as title6_0_ from posts posts0_ order by posts0_.id DESC
]]></system-out>
  <system-err><![CDATA[]]></system-err>
</testsuite>
