<?xml version="1.0" encoding="UTF-8"?>
<testsuite name="com.spring.book.springboot.web.HelloControllerTest" tests="2" skipped="0" failures="0" errors="0" timestamp="2022-09-16T03:43:05" hostname="DESKTOP-6ISAC9R" time="0.149">
  <properties/>
  <testcase name="helloDto" classname="com.spring.book.springboot.web.HelloControllerTest" time="0.142"/>
  <testcase name="hello" classname="com.spring.book.springboot.web.HelloControllerTest" time="0.006"/>
  <system-out><![CDATA[2022-09-16 12:43:04.858  INFO 7928 --- [    Test worker] .b.t.a.w.s.WebMvcTestContextBootstrapper : Neither @ContextConfiguration nor @ContextHierarchy found for test class [com.spring.book.springboot.web.HelloControllerTest], using SpringBootContextLoader
2022-09-16 12:43:04.859  INFO 7928 --- [    Test worker] o.s.t.c.support.AbstractContextLoader    : Could not detect default resource locations for test class [com.spring.book.springboot.web.HelloControllerTest]: no resource found for suffixes {-context.xml, Context.groovy}.
2022-09-16 12:43:04.859  INFO 7928 --- [    Test worker] t.c.s.AnnotationConfigContextLoaderUtils : Could not detect default configuration classes for test class [com.spring.book.springboot.web.HelloControllerTest]: HelloControllerTest does not declare any static, non-private, non-final, nested classes annotated with @Configuration.
2022-09-16 12:43:04.883  INFO 7928 --- [    Test worker] .b.t.c.SpringBootTestContextBootstrapper : Found @SpringBootConfiguration com.spring.book.springboot.Application for test class com.spring.book.springboot.web.HelloControllerTest
2022-09-16 12:43:04.884  INFO 7928 --- [    Test worker] .b.t.a.w.s.WebMvcTestContextBootstrapper : Loaded default TestExecutionListener class names from location [META-INF/spring.factories]: [org.springframework.security.test.context.support.WithSecurityContextTestExecutionListener, org.springframework.security.test.context.support.ReactorContextTestExecutionListener, org.springframework.boot.test.autoconfigure.restdocs.RestDocsTestExecutionListener, org.springframework.boot.test.autoconfigure.web.client.MockRestServiceServerResetTestExecutionListener, org.springframework.boot.test.autoconfigure.web.servlet.MockMvcPrintOnlyOnFailureTestExecutionListener, org.springframework.boot.test.autoconfigure.web.servlet.WebDriverTestExecutionListener, org.springframework.boot.test.mock.mockito.MockitoTestExecutionListener, org.springframework.boot.test.mock.mockito.ResetMocksTestExecutionListener, org.springframework.test.context.web.ServletTestExecutionListener, org.springframework.test.context.support.DirtiesContextBeforeModesTestExecutionListener, org.springframework.test.context.support.DependencyInjectionTestExecutionListener, org.springframework.test.context.support.DirtiesContextTestExecutionListener, org.springframework.test.context.transaction.TransactionalTestExecutionListener, org.springframework.test.context.jdbc.SqlScriptsTestExecutionListener]
2022-09-16 12:43:04.885  INFO 7928 --- [    Test worker] .b.t.a.w.s.WebMvcTestContextBootstrapper : Using TestExecutionListeners: [org.springframework.test.context.web.ServletTestExecutionListener@38f65bb4, org.springframework.test.context.support.DirtiesContextBeforeModesTestExecutionListener@e9636a, org.springframework.boot.test.mock.mockito.MockitoTestExecutionListener@450d5569, org.springframework.boot.test.autoconfigure.SpringBootDependencyInjectionTestExecutionListener@73d950a4, org.springframework.test.context.support.DirtiesContextTestExecutionListener@79789e90, org.springframework.test.context.transaction.TransactionalTestExecutionListener@324150e6, org.springframework.test.context.jdbc.SqlScriptsTestExecutionListener@1dc8fdda, org.springframework.security.test.context.support.WithSecurityContextTestExecutionListener@24adc2b7, org.springframework.security.test.context.support.ReactorContextTestExecutionListener@199c44ac, org.springframework.boot.test.autoconfigure.restdocs.RestDocsTestExecutionListener@21e2e119, org.springframework.boot.test.autoconfigure.web.client.MockRestServiceServerResetTestExecutionListener@7b1efed2, org.springframework.boot.test.autoconfigure.web.servlet.MockMvcPrintOnlyOnFailureTestExecutionListener@316c337c, org.springframework.boot.test.autoconfigure.web.servlet.WebDriverTestExecutionListener@4a2eb8d9, org.springframework.boot.test.mock.mockito.ResetMocksTestExecutionListener@7c7272ac]

  .   ____          _            __ _ _
 /\\ / ___'_ __ _ _(_)_ __  __ _ \ \ \ \
( ( )\___ | '_ | '_| | '_ \/ _` | \ \ \ \
 \\/  ___)| |_)| | | | | || (_| |  ) ) ) )
  '  |____| .__|_| |_|_| |_\__, | / / / /
 =========|_|==============|___/=/_/_/_/
 :: Spring Boot ::        (v2.1.7.RELEASE)

2022-09-16 12:43:04.919  INFO 7928 --- [    Test worker] c.s.b.s.web.HelloControllerTest          : Starting HelloControllerTest on DESKTOP-6ISAC9R with PID 7928 (started by ABC in C:\spring-study\springboot-webservice)
2022-09-16 12:43:04.920  INFO 7928 --- [    Test worker] c.s.b.s.web.HelloControllerTest          : No active profile set, falling back to default profiles: default
2022-09-16 12:43:05.271  INFO 7928 --- [    Test worker] o.s.s.concurrent.ThreadPoolTaskExecutor  : Initializing ExecutorService 'applicationTaskExecutor'
2022-09-16 12:43:05.298  INFO 7928 --- [    Test worker] o.s.b.a.w.s.WelcomePageHandlerMapping    : Adding welcome page template: index
2022-09-16 12:43:05.463  INFO 7928 --- [    Test worker] .s.s.UserDetailsServiceAutoConfiguration : 

Using generated security password: 998cc67b-c3f0-4d5c-a54d-a614d66d5105

2022-09-16 12:43:05.577  INFO 7928 --- [    Test worker] o.s.s.web.DefaultSecurityFilterChain     : Creating filter chain: any request, [org.springframework.security.web.context.request.async.WebAsyncManagerIntegrationFilter@5c7d72f2, org.springframework.security.web.context.SecurityContextPersistenceFilter@1d5a14a, org.springframework.security.web.header.HeaderWriterFilter@3cff58b4, org.springframework.security.web.csrf.CsrfFilter@7e970917, org.springframework.security.web.authentication.logout.LogoutFilter@471280f, org.springframework.security.web.authentication.UsernamePasswordAuthenticationFilter@6dc9d5d0, org.springframework.security.web.authentication.ui.DefaultLoginPageGeneratingFilter@aa10928, org.springframework.security.web.authentication.ui.DefaultLogoutPageGeneratingFilter@3e15d623, org.springframework.security.web.authentication.www.BasicAuthenticationFilter@70597a58, org.springframework.security.web.savedrequest.RequestCacheAwareFilter@77ce06f, org.springframework.security.web.servletapi.SecurityContextHolderAwareRequestFilter@410022cc, org.springframework.security.web.authentication.AnonymousAuthenticationFilter@525e003, org.springframework.security.web.session.SessionManagementFilter@7a66218d, org.springframework.security.web.access.ExceptionTranslationFilter@459866f1, org.springframework.security.web.access.intercept.FilterSecurityInterceptor@4cd87e01]
2022-09-16 12:43:05.607  INFO 7928 --- [    Test worker] o.s.b.t.m.w.SpringBootMockServletContext : Initializing Spring TestDispatcherServlet ''
2022-09-16 12:43:05.608  INFO 7928 --- [    Test worker] o.s.t.web.servlet.TestDispatcherServlet  : Initializing Servlet ''
2022-09-16 12:43:05.619  INFO 7928 --- [    Test worker] o.s.t.web.servlet.TestDispatcherServlet  : Completed initialization in 11 ms
2022-09-16 12:43:05.641  INFO 7928 --- [    Test worker] c.s.b.s.web.HelloControllerTest          : Started HelloControllerTest in 0.752 seconds (JVM running for 8.075)
]]></system-out>
  <system-err><![CDATA[]]></system-err>
</testsuite>
