<?xml version="1.0" encoding="UTF-8"?>
<testsuite name="com.spring.book.springboot.web.PostApiControllerTest" tests="2" skipped="0" failures="0" errors="0" timestamp="2022-09-13T08:59:55" hostname="DESKTOP-6ISAC9R" time="0.08">
  <properties/>
  <testcase name="posts_수정된다" classname="com.spring.book.springboot.web.PostApiControllerTest" time="0.062"/>
  <testcase name="Posts_등록된다" classname="com.spring.book.springboot.web.PostApiControllerTest" time="0.017"/>
  <system-out><![CDATA[2022-09-13 17:59:55.445  INFO 6416 --- [    Test worker] .b.t.c.SpringBootTestContextBootstrapper : Neither @ContextConfiguration nor @ContextHierarchy found for test class [com.spring.book.springboot.web.PostApiControllerTest], using SpringBootContextLoader
2022-09-13 17:59:55.446  INFO 6416 --- [    Test worker] o.s.t.c.support.AbstractContextLoader    : Could not detect default resource locations for test class [com.spring.book.springboot.web.PostApiControllerTest]: no resource found for suffixes {-context.xml, Context.groovy}.
2022-09-13 17:59:55.446  INFO 6416 --- [    Test worker] t.c.s.AnnotationConfigContextLoaderUtils : Could not detect default configuration classes for test class [com.spring.book.springboot.web.PostApiControllerTest]: PostApiControllerTest does not declare any static, non-private, non-final, nested classes annotated with @Configuration.
2022-09-13 17:59:55.447  INFO 6416 --- [    Test worker] .b.t.c.SpringBootTestContextBootstrapper : Found @SpringBootConfiguration com.spring.book.springboot.Application for test class com.spring.book.springboot.web.PostApiControllerTest
2022-09-13 17:59:55.448  INFO 6416 --- [    Test worker] .b.t.c.SpringBootTestContextBootstrapper : Loaded default TestExecutionListener class names from location [META-INF/spring.factories]: [org.springframework.security.test.context.support.WithSecurityContextTestExecutionListener, org.springframework.security.test.context.support.ReactorContextTestExecutionListener, org.springframework.boot.test.autoconfigure.restdocs.RestDocsTestExecutionListener, org.springframework.boot.test.autoconfigure.web.client.MockRestServiceServerResetTestExecutionListener, org.springframework.boot.test.autoconfigure.web.servlet.MockMvcPrintOnlyOnFailureTestExecutionListener, org.springframework.boot.test.autoconfigure.web.servlet.WebDriverTestExecutionListener, org.springframework.boot.test.mock.mockito.MockitoTestExecutionListener, org.springframework.boot.test.mock.mockito.ResetMocksTestExecutionListener, org.springframework.test.context.web.ServletTestExecutionListener, org.springframework.test.context.support.DirtiesContextBeforeModesTestExecutionListener, org.springframework.test.context.support.DependencyInjectionTestExecutionListener, org.springframework.test.context.support.DirtiesContextTestExecutionListener, org.springframework.test.context.transaction.TransactionalTestExecutionListener, org.springframework.test.context.jdbc.SqlScriptsTestExecutionListener]
2022-09-13 17:59:55.449  INFO 6416 --- [    Test worker] .b.t.c.SpringBootTestContextBootstrapper : Using TestExecutionListeners: [org.springframework.test.context.web.ServletTestExecutionListener@32cb39de, org.springframework.test.context.support.DirtiesContextBeforeModesTestExecutionListener@11d84af, org.springframework.boot.test.mock.mockito.MockitoTestExecutionListener@2607b8e8, org.springframework.boot.test.autoconfigure.SpringBootDependencyInjectionTestExecutionListener@49504b79, org.springframework.test.context.support.DirtiesContextTestExecutionListener@22be9e44, org.springframework.test.context.transaction.TransactionalTestExecutionListener@4f6b5e40, org.springframework.test.context.jdbc.SqlScriptsTestExecutionListener@54b07fbd, org.springframework.security.test.context.support.WithSecurityContextTestExecutionListener@1ff0edd1, org.springframework.security.test.context.support.ReactorContextTestExecutionListener@496a0cd5, org.springframework.boot.test.autoconfigure.restdocs.RestDocsTestExecutionListener@5c66c2e6, org.springframework.boot.test.autoconfigure.web.client.MockRestServiceServerResetTestExecutionListener@b7c0340, org.springframework.boot.test.autoconfigure.web.servlet.MockMvcPrintOnlyOnFailureTestExecutionListener@13fae99b, org.springframework.boot.test.autoconfigure.web.servlet.WebDriverTestExecutionListener@aef5395, org.springframework.boot.test.mock.mockito.ResetMocksTestExecutionListener@6074c1dc]
2022-09-13 17:59:55.455  INFO 6416 --- [    Test worker] o.a.c.c.C.[Tomcat].[localhost].[/]       : Initializing Spring TestDispatcherServlet ''
2022-09-13 17:59:55.455  INFO 6416 --- [    Test worker] o.s.t.web.servlet.TestDispatcherServlet  : Initializing Servlet ''
2022-09-13 17:59:55.456  INFO 6416 --- [    Test worker] o.s.t.web.servlet.TestDispatcherServlet  : Completed initialization in 1 ms
Hibernate: insert into posts (created_date, modified_date, author, content, title) values (?, ?, ?, ?, ?)
Hibernate: select posts0_.id as id1_0_0_, posts0_.created_date as created_2_0_0_, posts0_.modified_date as modified3_0_0_, posts0_.author as author4_0_0_, posts0_.content as content5_0_0_, posts0_.title as title6_0_0_ from posts posts0_ where posts0_.id=?
Hibernate: update posts set created_date=?, modified_date=?, author=?, content=?, title=? where id=?
Hibernate: select posts0_.id as id1_0_, posts0_.created_date as created_2_0_, posts0_.modified_date as modified3_0_, posts0_.author as author4_0_, posts0_.content as content5_0_, posts0_.title as title6_0_ from posts posts0_
Hibernate: select posts0_.id as id1_0_, posts0_.created_date as created_2_0_, posts0_.modified_date as modified3_0_, posts0_.author as author4_0_, posts0_.content as content5_0_, posts0_.title as title6_0_ from posts posts0_
Hibernate: delete from posts where id=?
2022-09-13 17:59:55.516  INFO 6416 --- [    Test worker] o.a.c.c.C.[Tomcat].[localhost].[/]       : Initializing Spring TestDispatcherServlet ''
2022-09-13 17:59:55.516  INFO 6416 --- [    Test worker] o.s.t.web.servlet.TestDispatcherServlet  : Initializing Servlet ''
2022-09-13 17:59:55.517  INFO 6416 --- [    Test worker] o.s.t.web.servlet.TestDispatcherServlet  : Completed initialization in 1 ms
Hibernate: insert into posts (created_date, modified_date, author, content, title) values (?, ?, ?, ?, ?)
Hibernate: select posts0_.id as id1_0_, posts0_.created_date as created_2_0_, posts0_.modified_date as modified3_0_, posts0_.author as author4_0_, posts0_.content as content5_0_, posts0_.title as title6_0_ from posts posts0_
Hibernate: select posts0_.id as id1_0_, posts0_.created_date as created_2_0_, posts0_.modified_date as modified3_0_, posts0_.author as author4_0_, posts0_.content as content5_0_, posts0_.title as title6_0_ from posts posts0_
Hibernate: delete from posts where id=?
]]></system-out>
  <system-err><![CDATA[]]></system-err>
</testsuite>
