<?xml version="1.0" encoding="UTF-8"?>
<testsuite name="com.spring.book.springboot.web.IndexControllerTest" tests="1" skipped="0" failures="0" errors="0" timestamp="2022-09-18T08:26:46" hostname="DESKTOP-6ISAC9R" time="0.403">
  <properties/>
  <testcase name="메인페이지_로딩" classname="com.spring.book.springboot.web.IndexControllerTest" time="0.403"/>
  <system-out><![CDATA[17:26:40.008 [Test worker] DEBUG org.springframework.test.context.junit4.SpringJUnit4ClassRunner - SpringJUnit4ClassRunner constructor called with [class com.spring.book.springboot.web.IndexControllerTest]
17:26:40.018 [Test worker] DEBUG org.springframework.test.context.BootstrapUtils - Instantiating CacheAwareContextLoaderDelegate from class [org.springframework.test.context.cache.DefaultCacheAwareContextLoaderDelegate]
17:26:40.025 [Test worker] DEBUG org.springframework.test.context.BootstrapUtils - Instantiating BootstrapContext using constructor [public org.springframework.test.context.support.DefaultBootstrapContext(java.lang.Class,org.springframework.test.context.CacheAwareContextLoaderDelegate)]
17:26:40.040 [Test worker] DEBUG org.springframework.test.context.BootstrapUtils - Instantiating TestContextBootstrapper for test class [com.spring.book.springboot.web.IndexControllerTest] from class [org.springframework.boot.test.context.SpringBootTestContextBootstrapper]
17:26:40.052 [Test worker] INFO org.springframework.boot.test.context.SpringBootTestContextBootstrapper - Neither @ContextConfiguration nor @ContextHierarchy found for test class [com.spring.book.springboot.web.IndexControllerTest], using SpringBootContextLoader
17:26:40.056 [Test worker] DEBUG org.springframework.test.context.support.AbstractContextLoader - Did not detect default resource location for test class [com.spring.book.springboot.web.IndexControllerTest]: class path resource [com/spring/book/springboot/web/IndexControllerTest-context.xml] does not exist
17:26:40.056 [Test worker] DEBUG org.springframework.test.context.support.AbstractContextLoader - Did not detect default resource location for test class [com.spring.book.springboot.web.IndexControllerTest]: class path resource [com/spring/book/springboot/web/IndexControllerTestContext.groovy] does not exist
17:26:40.057 [Test worker] INFO org.springframework.test.context.support.AbstractContextLoader - Could not detect default resource locations for test class [com.spring.book.springboot.web.IndexControllerTest]: no resource found for suffixes {-context.xml, Context.groovy}.
17:26:40.058 [Test worker] INFO org.springframework.test.context.support.AnnotationConfigContextLoaderUtils - Could not detect default configuration classes for test class [com.spring.book.springboot.web.IndexControllerTest]: IndexControllerTest does not declare any static, non-private, non-final, nested classes annotated with @Configuration.
17:26:40.107 [Test worker] DEBUG org.springframework.test.context.support.ActiveProfilesUtils - Could not find an 'annotation declaring class' for annotation type [org.springframework.test.context.ActiveProfiles] and class [com.spring.book.springboot.web.IndexControllerTest]
17:26:40.199 [Test worker] DEBUG org.springframework.context.annotation.ClassPathScanningCandidateComponentProvider - Identified candidate component class: file [C:\spring-study\springboot-webservice\build\classes\java\main\com\spring\book\springboot\Application.class]
17:26:40.200 [Test worker] INFO org.springframework.boot.test.context.SpringBootTestContextBootstrapper - Found @SpringBootConfiguration com.spring.book.springboot.Application for test class com.spring.book.springboot.web.IndexControllerTest
17:26:40.297 [Test worker] DEBUG org.springframework.boot.test.context.SpringBootTestContextBootstrapper - @TestExecutionListeners is not present for class [com.spring.book.springboot.web.IndexControllerTest]: using defaults.
17:26:40.298 [Test worker] INFO org.springframework.boot.test.context.SpringBootTestContextBootstrapper - Loaded default TestExecutionListener class names from location [META-INF/spring.factories]: [org.springframework.security.test.context.support.WithSecurityContextTestExecutionListener, org.springframework.security.test.context.support.ReactorContextTestExecutionListener, org.springframework.boot.test.autoconfigure.restdocs.RestDocsTestExecutionListener, org.springframework.boot.test.autoconfigure.web.client.MockRestServiceServerResetTestExecutionListener, org.springframework.boot.test.autoconfigure.web.servlet.MockMvcPrintOnlyOnFailureTestExecutionListener, org.springframework.boot.test.autoconfigure.web.servlet.WebDriverTestExecutionListener, org.springframework.boot.test.mock.mockito.MockitoTestExecutionListener, org.springframework.boot.test.mock.mockito.ResetMocksTestExecutionListener, org.springframework.test.context.web.ServletTestExecutionListener, org.springframework.test.context.support.DirtiesContextBeforeModesTestExecutionListener, org.springframework.test.context.support.DependencyInjectionTestExecutionListener, org.springframework.test.context.support.DirtiesContextTestExecutionListener, org.springframework.test.context.transaction.TransactionalTestExecutionListener, org.springframework.test.context.jdbc.SqlScriptsTestExecutionListener]
17:26:40.317 [Test worker] INFO org.springframework.boot.test.context.SpringBootTestContextBootstrapper - Using TestExecutionListeners: [org.springframework.test.context.web.ServletTestExecutionListener@2c7134fc, org.springframework.test.context.support.DirtiesContextBeforeModesTestExecutionListener@ce7af22, org.springframework.boot.test.mock.mockito.MockitoTestExecutionListener@395da9d3, org.springframework.boot.test.autoconfigure.SpringBootDependencyInjectionTestExecutionListener@5679ebc7, org.springframework.test.context.support.DirtiesContextTestExecutionListener@738af320, org.springframework.test.context.transaction.TransactionalTestExecutionListener@42a5cccc, org.springframework.test.context.jdbc.SqlScriptsTestExecutionListener@1662e67a, org.springframework.security.test.context.support.WithSecurityContextTestExecutionListener@f5c00a2, org.springframework.security.test.context.support.ReactorContextTestExecutionListener@2bebf19a, org.springframework.boot.test.autoconfigure.restdocs.RestDocsTestExecutionListener@47449b87, org.springframework.boot.test.autoconfigure.web.client.MockRestServiceServerResetTestExecutionListener@4694f423, org.springframework.boot.test.autoconfigure.web.servlet.MockMvcPrintOnlyOnFailureTestExecutionListener@29a2a543, org.springframework.boot.test.autoconfigure.web.servlet.WebDriverTestExecutionListener@5db1f6cc, org.springframework.boot.test.mock.mockito.ResetMocksTestExecutionListener@3e4ad65e]
17:26:40.320 [Test worker] DEBUG org.springframework.test.annotation.ProfileValueUtils - Retrieved @ProfileValueSourceConfiguration [null] for test class [com.spring.book.springboot.web.IndexControllerTest]
17:26:40.321 [Test worker] DEBUG org.springframework.test.annotation.ProfileValueUtils - Retrieved ProfileValueSource type [class org.springframework.test.annotation.SystemProfileValueSource] for class [com.spring.book.springboot.web.IndexControllerTest]
17:26:40.325 [Test worker] DEBUG org.springframework.test.annotation.ProfileValueUtils - Retrieved @ProfileValueSourceConfiguration [null] for test class [com.spring.book.springboot.web.IndexControllerTest]
17:26:40.325 [Test worker] DEBUG org.springframework.test.annotation.ProfileValueUtils - Retrieved ProfileValueSource type [class org.springframework.test.annotation.SystemProfileValueSource] for class [com.spring.book.springboot.web.IndexControllerTest]
17:26:40.326 [Test worker] DEBUG org.springframework.test.annotation.ProfileValueUtils - Retrieved @ProfileValueSourceConfiguration [null] for test class [com.spring.book.springboot.web.IndexControllerTest]
17:26:40.326 [Test worker] DEBUG org.springframework.test.annotation.ProfileValueUtils - Retrieved ProfileValueSource type [class org.springframework.test.annotation.SystemProfileValueSource] for class [com.spring.book.springboot.web.IndexControllerTest]
17:26:40.331 [Test worker] DEBUG org.springframework.test.context.support.AbstractDirtiesContextTestExecutionListener - Before test class: context [DefaultTestContext@18b1c478 testClass = IndexControllerTest, testInstance = [null], testMethod = [null], testException = [null], mergedContextConfiguration = [WebMergedContextConfiguration@5aeb1f7b testClass = IndexControllerTest, locations = '{}', classes = '{class com.spring.book.springboot.Application}', contextInitializerClasses = '[]', activeProfiles = '{}', propertySourceLocations = '{}', propertySourceProperties = '{org.springframework.boot.test.context.SpringBootTestContextBootstrapper=true, server.port=0}', contextCustomizers = set[org.springframework.boot.test.autoconfigure.properties.PropertyMappingContextCustomizer@0, org.springframework.boot.test.autoconfigure.web.servlet.WebDriverContextCustomizerFactory$Customizer@6bdb2487, org.springframework.boot.test.context.filter.ExcludeFilterContextCustomizer@666d063c, org.springframework.boot.test.json.DuplicateJsonObjectContextCustomizerFactory$DuplicateJsonObjectContextCustomizer@380627ee, org.springframework.boot.test.mock.mockito.MockitoContextCustomizer@0, org.springframework.boot.test.web.client.TestRestTemplateContextCustomizer@30034ddc], resourceBasePath = 'src/main/webapp', contextLoader = 'org.springframework.boot.test.context.SpringBootContextLoader', parent = [null]], attributes = map['org.springframework.test.context.web.ServletTestExecutionListener.activateListener' -> false]], class annotated with @DirtiesContext [false] with mode [null].
17:26:40.332 [Test worker] DEBUG org.springframework.test.annotation.ProfileValueUtils - Retrieved @ProfileValueSourceConfiguration [null] for test class [com.spring.book.springboot.web.IndexControllerTest]
17:26:40.332 [Test worker] DEBUG org.springframework.test.annotation.ProfileValueUtils - Retrieved ProfileValueSource type [class org.springframework.test.annotation.SystemProfileValueSource] for class [com.spring.book.springboot.web.IndexControllerTest]
17:26:40.337 [Test worker] DEBUG org.springframework.test.context.support.DependencyInjectionTestExecutionListener - Performing dependency injection for test context [[DefaultTestContext@18b1c478 testClass = IndexControllerTest, testInstance = com.spring.book.springboot.web.IndexControllerTest@5c7d1d0, testMethod = [null], testException = [null], mergedContextConfiguration = [WebMergedContextConfiguration@5aeb1f7b testClass = IndexControllerTest, locations = '{}', classes = '{class com.spring.book.springboot.Application}', contextInitializerClasses = '[]', activeProfiles = '{}', propertySourceLocations = '{}', propertySourceProperties = '{org.springframework.boot.test.context.SpringBootTestContextBootstrapper=true, server.port=0}', contextCustomizers = set[org.springframework.boot.test.autoconfigure.properties.PropertyMappingContextCustomizer@0, org.springframework.boot.test.autoconfigure.web.servlet.WebDriverContextCustomizerFactory$Customizer@6bdb2487, org.springframework.boot.test.context.filter.ExcludeFilterContextCustomizer@666d063c, org.springframework.boot.test.json.DuplicateJsonObjectContextCustomizerFactory$DuplicateJsonObjectContextCustomizer@380627ee, org.springframework.boot.test.mock.mockito.MockitoContextCustomizer@0, org.springframework.boot.test.web.client.TestRestTemplateContextCustomizer@30034ddc], resourceBasePath = 'src/main/webapp', contextLoader = 'org.springframework.boot.test.context.SpringBootContextLoader', parent = [null]], attributes = map['org.springframework.test.context.web.ServletTestExecutionListener.activateListener' -> false]]].
17:26:40.365 [Test worker] DEBUG org.springframework.test.context.support.TestPropertySourceUtils - Adding inlined properties to environment: {spring.jmx.enabled=false, org.springframework.boot.test.context.SpringBootTestContextBootstrapper=true, server.port=0}

  .   ____          _            __ _ _
 /\\ / ___'_ __ _ _(_)_ __  __ _ \ \ \ \
( ( )\___ | '_ | '_| | '_ \/ _` | \ \ \ \
 \\/  ___)| |_)| | | | | || (_| |  ) ) ) )
  '  |____| .__|_| |_|_| |_\__, | / / / /
 =========|_|==============|___/=/_/_/_/
 :: Spring Boot ::        (v2.1.7.RELEASE)

2022-09-18 17:26:40.650  INFO 8216 --- [    Test worker] c.s.b.s.web.IndexControllerTest          : Starting IndexControllerTest on DESKTOP-6ISAC9R with PID 8216 (started by ABC in C:\spring-study\springboot-webservice)
2022-09-18 17:26:40.652  INFO 8216 --- [    Test worker] c.s.b.s.web.IndexControllerTest          : No active profile set, falling back to default profiles: default
2022-09-18 17:26:41.643  INFO 8216 --- [    Test worker] .s.d.r.c.RepositoryConfigurationDelegate : Bootstrapping Spring Data repositories in DEFAULT mode.
2022-09-18 17:26:41.720  INFO 8216 --- [    Test worker] .s.d.r.c.RepositoryConfigurationDelegate : Finished Spring Data repository scanning in 68ms. Found 2 repository interfaces.
2022-09-18 17:26:42.277  INFO 8216 --- [    Test worker] trationDelegate$BeanPostProcessorChecker : Bean 'org.springframework.transaction.annotation.ProxyTransactionManagementConfiguration' of type [org.springframework.transaction.annotation.ProxyTransactionManagementConfiguration$$EnhancerBySpringCGLIB$$8b95ee51] is not eligible for getting processed by all BeanPostProcessors (for example: not eligible for auto-proxying)
2022-09-18 17:26:42.663  INFO 8216 --- [    Test worker] o.s.b.w.embedded.tomcat.TomcatWebServer  : Tomcat initialized with port(s): 0 (http)
2022-09-18 17:26:42.693  INFO 8216 --- [    Test worker] o.apache.catalina.core.StandardService   : Starting service [Tomcat]
2022-09-18 17:26:42.694  INFO 8216 --- [    Test worker] org.apache.catalina.core.StandardEngine  : Starting Servlet engine: [Apache Tomcat/9.0.22]
2022-09-18 17:26:42.864  INFO 8216 --- [    Test worker] o.a.c.c.C.[Tomcat].[localhost].[/]       : Initializing Spring embedded WebApplicationContext
2022-09-18 17:26:42.865  INFO 8216 --- [    Test worker] o.s.web.context.ContextLoader            : Root WebApplicationContext: initialization completed in 2189 ms
2022-09-18 17:26:43.175  INFO 8216 --- [    Test worker] com.zaxxer.hikari.HikariDataSource       : HikariPool-1 - Starting...
2022-09-18 17:26:43.378  INFO 8216 --- [    Test worker] com.zaxxer.hikari.HikariDataSource       : HikariPool-1 - Start completed.
2022-09-18 17:26:43.489  INFO 8216 --- [    Test worker] o.hibernate.jpa.internal.util.LogHelper  : HHH000204: Processing PersistenceUnitInfo [
	name: default
	...]
2022-09-18 17:26:43.569  INFO 8216 --- [    Test worker] org.hibernate.Version                    : HHH000412: Hibernate Core {5.3.10.Final}
2022-09-18 17:26:43.571  INFO 8216 --- [    Test worker] org.hibernate.cfg.Environment            : HHH000206: hibernate.properties not found
2022-09-18 17:26:43.759  INFO 8216 --- [    Test worker] o.hibernate.annotations.common.Version   : HCANN000001: Hibernate Commons Annotations {5.0.4.Final}
2022-09-18 17:26:43.920  INFO 8216 --- [    Test worker] org.hibernate.dialect.Dialect            : HHH000400: Using dialect: org.hibernate.dialect.MySQL5InnoDBDialect
Hibernate: drop table if exists posts
Hibernate: drop table if exists user
Hibernate: create table posts (id bigint not null auto_increment, created_date datetime, modified_date datetime, author varchar(255), content TEXT not null, title varchar(500) not null, primary key (id)) engine=InnoDB
Hibernate: create table user (id bigint not null auto_increment, created_date datetime, modified_date datetime, email varchar(255) not null, name varchar(255) not null, picture varchar(255), role varchar(255) not null, primary key (id)) engine=InnoDB
2022-09-18 17:26:44.627  INFO 8216 --- [    Test worker] o.h.t.schema.internal.SchemaCreatorImpl  : HHH000476: Executing import script 'org.hibernate.tool.schema.internal.exec.ScriptSourceInputNonExistentImpl@2b2a2e8a'
2022-09-18 17:26:44.631  INFO 8216 --- [    Test worker] j.LocalContainerEntityManagerFactoryBean : Initialized JPA EntityManagerFactory for persistence unit 'default'
2022-09-18 17:26:45.346  INFO 8216 --- [    Test worker] o.h.h.i.QueryTranslatorFactoryInitiator  : HHH000397: Using ASTQueryTranslatorFactory
2022-09-18 17:26:45.781  INFO 8216 --- [    Test worker] o.s.s.web.DefaultSecurityFilterChain     : Creating filter chain: any request, [org.springframework.security.web.context.request.async.WebAsyncManagerIntegrationFilter@702a20b, org.springframework.security.web.context.SecurityContextPersistenceFilter@3b9b740d, org.springframework.security.web.header.HeaderWriterFilter@3c997ce3, org.springframework.security.web.authentication.logout.LogoutFilter@38836da9, org.springframework.security.oauth2.client.web.OAuth2AuthorizationRequestRedirectFilter@6cecab2a, org.springframework.security.oauth2.client.web.OAuth2LoginAuthenticationFilter@22fde990, org.springframework.security.web.authentication.ui.DefaultLoginPageGeneratingFilter@3bfc663c, org.springframework.security.web.authentication.ui.DefaultLogoutPageGeneratingFilter@d73c0a0, org.springframework.security.web.savedrequest.RequestCacheAwareFilter@5ad17d37, org.springframework.security.web.servletapi.SecurityContextHolderAwareRequestFilter@4fbae2fc, org.springframework.security.web.authentication.AnonymousAuthenticationFilter@2823a15b, org.springframework.security.web.session.SessionManagementFilter@132bf92a, org.springframework.security.web.access.ExceptionTranslationFilter@3383bbb9, org.springframework.security.web.access.intercept.FilterSecurityInterceptor@23e1ea10]
2022-09-18 17:26:46.144  INFO 8216 --- [    Test worker] o.s.s.concurrent.ThreadPoolTaskExecutor  : Initializing ExecutorService 'applicationTaskExecutor'
2022-09-18 17:26:46.206  WARN 8216 --- [    Test worker] aWebConfiguration$JpaWebMvcConfiguration : spring.jpa.open-in-view is enabled by default. Therefore, database queries may be performed during view rendering. Explicitly configure spring.jpa.open-in-view to disable this warning
2022-09-18 17:26:46.253  INFO 8216 --- [    Test worker] o.s.b.a.w.s.WelcomePageHandlerMapping    : Adding welcome page template: index
2022-09-18 17:26:46.616  INFO 8216 --- [    Test worker] s.a.ScheduledAnnotationBeanPostProcessor : No TaskScheduler/ScheduledExecutorService bean found for scheduled processing
2022-09-18 17:26:46.643  INFO 8216 --- [    Test worker] o.s.b.w.embedded.tomcat.TomcatWebServer  : Tomcat started on port(s): 58947 (http) with context path ''
2022-09-18 17:26:46.646  INFO 8216 --- [    Test worker] c.s.b.s.web.IndexControllerTest          : Started IndexControllerTest in 6.277 seconds (JVM running for 7.264)
2022-09-18 17:26:46.840  INFO 8216 --- [o-auto-1-exec-2] o.a.c.c.C.[Tomcat].[localhost].[/]       : Initializing Spring DispatcherServlet 'dispatcherServlet'
2022-09-18 17:26:46.841  INFO 8216 --- [o-auto-1-exec-2] o.s.web.servlet.DispatcherServlet        : Initializing Servlet 'dispatcherServlet'
2022-09-18 17:26:46.865  INFO 8216 --- [o-auto-1-exec-2] o.s.web.servlet.DispatcherServlet        : Completed initialization in 24 ms
Hibernate: select posts0_.id as id1_0_, posts0_.created_date as created_2_0_, posts0_.modified_date as modified3_0_, posts0_.author as author4_0_, posts0_.content as content5_0_, posts0_.title as title6_0_ from posts posts0_ order by posts0_.id DESC
]]></system-out>
  <system-err><![CDATA[]]></system-err>
</testsuite>
